Determining if the Q_WS_WIN exist failed with the following output:
Change Dir: /home/archer/plugin/some_model/sdf_models/puzzle_ball_joints/plugin/build/CMakeFiles/CMakeTmp

Run Build Command(s):/usr/bin/make cmTC_ad166/fast && /usr/bin/make  -f CMakeFiles/cmTC_ad166.dir/build.make CMakeFiles/cmTC_ad166.dir/build
make[1]: Entering directory '/home/archer/plugin/some_model/sdf_models/puzzle_ball_joints/plugin/build/CMakeFiles/CMakeTmp'
Building CXX object CMakeFiles/cmTC_ad166.dir/CheckSymbolExists.cxx.o
/usr/bin/g++   -I/usr/include/qt4   -o CMakeFiles/cmTC_ad166.dir/CheckSymbolExists.cxx.o -c /home/archer/plugin/some_model/sdf_models/puzzle_ball_joints/plugin/build/CMakeFiles/CMakeTmp/CheckSymbolExists.cxx
/home/archer/plugin/some_model/sdf_models/puzzle_ball_joints/plugin/build/CMakeFiles/CMakeTmp/CheckSymbolExists.cxx: In function ‘int main(int, char**)’:
/home/archer/plugin/some_model/sdf_models/puzzle_ball_joints/plugin/build/CMakeFiles/CMakeTmp/CheckSymbolExists.cxx:8:19: error: ‘Q_WS_WIN’ was not declared in this scope
    8 |   return ((int*)(&Q_WS_WIN))[argc];
      |                   ^~~~~~~~
CMakeFiles/cmTC_ad166.dir/build.make:68: recipe for target 'CMakeFiles/cmTC_ad166.dir/CheckSymbolExists.cxx.o' failed
make[1]: *** [CMakeFiles/cmTC_ad166.dir/CheckSymbolExists.cxx.o] Error 1
make[1]: Leaving directory '/home/archer/plugin/some_model/sdf_models/puzzle_ball_joints/plugin/build/CMakeFiles/CMakeTmp'
Makefile:124: recipe for target 'cmTC_ad166/fast' failed
make: *** [cmTC_ad166/fast] Error 2


File /home/archer/plugin/some_model/sdf_models/puzzle_ball_joints/plugin/build/CMakeFiles/CMakeTmp/CheckSymbolExists.cxx:
/* */
#include <QtCore/qglobal.h>

int main(int argc, char** argv)
{
  (void)argv;
#ifndef Q_WS_WIN
  return ((int*)(&Q_WS_WIN))[argc];
#else
  (void)argc;
  return 0;
#endif
}
Determining if the Q_WS_QWS exist failed with the following output:
Change Dir: /home/archer/plugin/some_model/sdf_models/puzzle_ball_joints/plugin/build/CMakeFiles/CMakeTmp

Run Build Command(s):/usr/bin/make cmTC_9d5e0/fast && /usr/bin/make  -f CMakeFiles/cmTC_9d5e0.dir/build.make CMakeFiles/cmTC_9d5e0.dir/build
make[1]: Entering directory '/home/archer/plugin/some_model/sdf_models/puzzle_ball_joints/plugin/build/CMakeFiles/CMakeTmp'
Building CXX object CMakeFiles/cmTC_9d5e0.dir/CheckSymbolExists.cxx.o
/usr/bin/g++   -I/usr/include/qt4   -o CMakeFiles/cmTC_9d5e0.dir/CheckSymbolExists.cxx.o -c /home/archer/plugin/some_model/sdf_models/puzzle_ball_joints/plugin/build/CMakeFiles/CMakeTmp/CheckSymbolExists.cxx
/home/archer/plugin/some_model/sdf_models/puzzle_ball_joints/plugin/build/CMakeFiles/CMakeTmp/CheckSymbolExists.cxx: In function ‘int main(int, char**)’:
/home/archer/plugin/some_model/sdf_models/puzzle_ball_joints/plugin/build/CMakeFiles/CMakeTmp/CheckSymbolExists.cxx:8:19: error: ‘Q_WS_QWS’ was not declared in this scope
    8 |   return ((int*)(&Q_WS_QWS))[argc];
      |                   ^~~~~~~~
CMakeFiles/cmTC_9d5e0.dir/build.make:68: recipe for target 'CMakeFiles/cmTC_9d5e0.dir/CheckSymbolExists.cxx.o' failed
make[1]: *** [CMakeFiles/cmTC_9d5e0.dir/CheckSymbolExists.cxx.o] Error 1
make[1]: Leaving directory '/home/archer/plugin/some_model/sdf_models/puzzle_ball_joints/plugin/build/CMakeFiles/CMakeTmp'
Makefile:124: recipe for target 'cmTC_9d5e0/fast' failed
make: *** [cmTC_9d5e0/fast] Error 2


File /home/archer/plugin/some_model/sdf_models/puzzle_ball_joints/plugin/build/CMakeFiles/CMakeTmp/CheckSymbolExists.cxx:
/* */
#include <QtCore/qglobal.h>

int main(int argc, char** argv)
{
  (void)argv;
#ifndef Q_WS_QWS
  return ((int*)(&Q_WS_QWS))[argc];
#else
  (void)argc;
  return 0;
#endif
}
Determining if the Q_WS_MAC exist failed with the following output:
Change Dir: /home/archer/plugin/some_model/sdf_models/puzzle_ball_joints/plugin/build/CMakeFiles/CMakeTmp

Run Build Command(s):/usr/bin/make cmTC_70e7e/fast && /usr/bin/make  -f CMakeFiles/cmTC_70e7e.dir/build.make CMakeFiles/cmTC_70e7e.dir/build
make[1]: Entering directory '/home/archer/plugin/some_model/sdf_models/puzzle_ball_joints/plugin/build/CMakeFiles/CMakeTmp'
Building CXX object CMakeFiles/cmTC_70e7e.dir/CheckSymbolExists.cxx.o
/usr/bin/g++   -I/usr/include/qt4   -o CMakeFiles/cmTC_70e7e.dir/CheckSymbolExists.cxx.o -c /home/archer/plugin/some_model/sdf_models/puzzle_ball_joints/plugin/build/CMakeFiles/CMakeTmp/CheckSymbolExists.cxx
/home/archer/plugin/some_model/sdf_models/puzzle_ball_joints/plugin/build/CMakeFiles/CMakeTmp/CheckSymbolExists.cxx: In function ‘int main(int, char**)’:
/home/archer/plugin/some_model/sdf_models/puzzle_ball_joints/plugin/build/CMakeFiles/CMakeTmp/CheckSymbolExists.cxx:8:19: error: ‘Q_WS_MAC’ was not declared in this scope
    8 |   return ((int*)(&Q_WS_MAC))[argc];
      |                   ^~~~~~~~
CMakeFiles/cmTC_70e7e.dir/build.make:68: recipe for target 'CMakeFiles/cmTC_70e7e.dir/CheckSymbolExists.cxx.o' failed
make[1]: *** [CMakeFiles/cmTC_70e7e.dir/CheckSymbolExists.cxx.o] Error 1
make[1]: Leaving directory '/home/archer/plugin/some_model/sdf_models/puzzle_ball_joints/plugin/build/CMakeFiles/CMakeTmp'
Makefile:124: recipe for target 'cmTC_70e7e/fast' failed
make: *** [cmTC_70e7e/fast] Error 2


File /home/archer/plugin/some_model/sdf_models/puzzle_ball_joints/plugin/build/CMakeFiles/CMakeTmp/CheckSymbolExists.cxx:
/* */
#include <QtCore/qglobal.h>

int main(int argc, char** argv)
{
  (void)argv;
#ifndef Q_WS_MAC
  return ((int*)(&Q_WS_MAC))[argc];
#else
  (void)argc;
  return 0;
#endif
}
Performing C SOURCE FILE Test CMAKE_HAVE_LIBC_PTHREAD failed with the following output:
Change Dir: /home/archer/plugin/some_model/sdf_models/puzzle_ball_joints/plugin/build/CMakeFiles/CMakeTmp

Run Build Command(s):/usr/bin/make cmTC_96ffe/fast && /usr/bin/make  -f CMakeFiles/cmTC_96ffe.dir/build.make CMakeFiles/cmTC_96ffe.dir/build
make[1]: Entering directory '/home/archer/plugin/some_model/sdf_models/puzzle_ball_joints/plugin/build/CMakeFiles/CMakeTmp'
Building C object CMakeFiles/cmTC_96ffe.dir/src.c.o
/usr/bin/gcc   -DCMAKE_HAVE_LIBC_PTHREAD   -o CMakeFiles/cmTC_96ffe.dir/src.c.o   -c /home/archer/plugin/some_model/sdf_models/puzzle_ball_joints/plugin/build/CMakeFiles/CMakeTmp/src.c
Linking C executable cmTC_96ffe
/home/archer/3rd_party/cmake-3.16.8-Linux-x86_64/bin/cmake -E cmake_link_script CMakeFiles/cmTC_96ffe.dir/link.txt --verbose=1
/usr/bin/gcc  -DCMAKE_HAVE_LIBC_PTHREAD    -rdynamic CMakeFiles/cmTC_96ffe.dir/src.c.o  -o cmTC_96ffe 
CMakeFiles/cmTC_96ffe.dir/src.c.o: In function `main':
src.c:(.text+0x3e): undefined reference to `pthread_create'
src.c:(.text+0x4a): undefined reference to `pthread_detach'
src.c:(.text+0x5b): undefined reference to `pthread_join'
src.c:(.text+0x6f): undefined reference to `pthread_atfork'
collect2: error: ld returned 1 exit status
CMakeFiles/cmTC_96ffe.dir/build.make:89: recipe for target 'cmTC_96ffe' failed
make[1]: *** [cmTC_96ffe] Error 1
make[1]: Leaving directory '/home/archer/plugin/some_model/sdf_models/puzzle_ball_joints/plugin/build/CMakeFiles/CMakeTmp'
Makefile:124: recipe for target 'cmTC_96ffe/fast' failed
make: *** [cmTC_96ffe/fast] Error 2


Source file was:
#include <pthread.h>

void* test_func(void* data)
{
  return data;
}

int main(void)
{
  pthread_t thread;
  pthread_create(&thread, NULL, test_func, NULL);
  pthread_detach(thread);
  pthread_join(thread, NULL);
  pthread_atfork(NULL, NULL, NULL);
  pthread_exit(NULL);

  return 0;
}

Determining if the function pthread_create exists in the pthreads failed with the following output:
Change Dir: /home/archer/plugin/some_model/sdf_models/puzzle_ball_joints/plugin/build/CMakeFiles/CMakeTmp

Run Build Command(s):/usr/bin/make cmTC_44b9c/fast && /usr/bin/make  -f CMakeFiles/cmTC_44b9c.dir/build.make CMakeFiles/cmTC_44b9c.dir/build
make[1]: Entering directory '/home/archer/plugin/some_model/sdf_models/puzzle_ball_joints/plugin/build/CMakeFiles/CMakeTmp'
Building C object CMakeFiles/cmTC_44b9c.dir/CheckFunctionExists.c.o
/usr/bin/gcc   -DCHECK_FUNCTION_EXISTS=pthread_create   -o CMakeFiles/cmTC_44b9c.dir/CheckFunctionExists.c.o   -c /home/archer/3rd_party/cmake-3.16.8-Linux-x86_64/share/cmake-3.16/Modules/CheckFunctionExists.c
Linking C executable cmTC_44b9c
/home/archer/3rd_party/cmake-3.16.8-Linux-x86_64/bin/cmake -E cmake_link_script CMakeFiles/cmTC_44b9c.dir/link.txt --verbose=1
/usr/bin/gcc  -DCHECK_FUNCTION_EXISTS=pthread_create    -rdynamic CMakeFiles/cmTC_44b9c.dir/CheckFunctionExists.c.o  -o cmTC_44b9c  -lpthreads 
/usr/bin/ld: cannot find -lpthreads
collect2: error: ld returned 1 exit status
CMakeFiles/cmTC_44b9c.dir/build.make:89: recipe for target 'cmTC_44b9c' failed
make[1]: *** [cmTC_44b9c] Error 1
make[1]: Leaving directory '/home/archer/plugin/some_model/sdf_models/puzzle_ball_joints/plugin/build/CMakeFiles/CMakeTmp'
Makefile:124: recipe for target 'cmTC_44b9c/fast' failed
make: *** [cmTC_44b9c/fast] Error 2



